{"timestamp": "2026-01-18 12:54:51", "level": "INFO", "tool_key": "system", "class_name": "LogUtils", "message": "Sistema de logging iniciado", "extra_data": {}}
{"timestamp": "2026-01-18 12:54:51", "level": "INFO", "tool_key": "main_window", "class_name": "MainWindow", "message": "Aplicação MTL_UTIL iniciada", "extra_data": {}}
{"timestamp": "2026-01-18 12:54:51", "level": "INFO", "tool_key": "plugin_manager", "class_name": "PluginManager", "message": "Procurando plugins em: plugins", "extra_data": {}}
{"timestamp": "2026-01-18 12:54:51", "level": "INFO", "tool_key": "plugin_manager", "class_name": "PluginManager", "message": "Adicionado ao sys.path: C:\\Users\\marti\\OneDrive\\Arquivos\\PYTHON_PROJECTS\\MTL_UTIL_WINDOWS\\MTL_UTIL_2_0_1", "extra_data": {}}
{"timestamp": "2026-01-18 12:54:51", "level": "DEBUG", "tool_key": "plugin_manager", "class_name": "PluginManager", "message": "Carregando plugin: calculator.py", "extra_data": {}}
{"timestamp": "2026-01-18 12:54:51", "level": "INFO", "tool_key": "calculator", "class_name": "Calculator", "message": "Plugin Calculator inicializado", "extra_data": {}}
{"timestamp": "2026-01-18 12:54:51", "level": "INFO", "tool_key": "plugin_manager", "class_name": "PluginManager", "message": "Plugin carregado: Calculator", "extra_data": {}}
{"timestamp": "2026-01-18 12:54:51", "level": "DEBUG", "tool_key": "plugin_manager", "class_name": "PluginManager", "message": "Carregando plugin: ico_converter.py", "extra_data": {}}
{"timestamp": "2026-01-18 12:54:51", "level": "INFO", "tool_key": "ico_converter", "class_name": "ICOConverter", "message": "Plugin ICO Converter inicializado", "extra_data": {}}
{"timestamp": "2026-01-18 12:54:51", "level": "INFO", "tool_key": "plugin_manager", "class_name": "PluginManager", "message": "Plugin carregado: ICO Converter", "extra_data": {}}
{"timestamp": "2026-01-18 12:54:51", "level": "DEBUG", "tool_key": "plugin_manager", "class_name": "PluginManager", "message": "Carregando plugin: sample_browser.py", "extra_data": {}}
{"timestamp": "2026-01-18 12:54:51", "level": "INFO", "tool_key": "plugin_manager", "class_name": "PluginManager", "message": "Plugin carregado: Simple Browser", "extra_data": {}}
{"timestamp": "2026-01-18 12:54:51", "level": "DEBUG", "tool_key": "plugin_manager", "class_name": "PluginManager", "message": "Carregando plugin: sample_text_viewer.py", "extra_data": {}}
{"timestamp": "2026-01-18 12:54:51", "level": "INFO", "tool_key": "plugin_manager", "class_name": "PluginManager", "message": "Plugin carregado: Text Viewer", "extra_data": {}}
{"timestamp": "2026-01-18 12:54:51", "level": "DEBUG", "tool_key": "plugin_manager", "class_name": "PluginManager", "message": "Carregando plugin: todo_list.py", "extra_data": {}}
{"timestamp": "2026-01-18 12:54:51", "level": "INFO", "tool_key": "plugin_manager", "class_name": "PluginManager", "message": "Plugin carregado: Todo List", "extra_data": {}}
{"timestamp": "2026-01-18 12:54:51", "level": "INFO", "tool_key": "plugin_manager", "class_name": "PluginManager", "message": "Total de plugins carregados: 5", "extra_data": {}}
{"timestamp": "2026-01-18 12:54:51", "level": "INFO", "tool_key": "plugin_manager", "class_name": "PluginManager", "message": "Procurando plugins em: plugins", "extra_data": {}}
{"timestamp": "2026-01-18 12:54:51", "level": "DEBUG", "tool_key": "plugin_manager", "class_name": "PluginManager", "message": "Carregando plugin: calculator.py", "extra_data": {}}
{"timestamp": "2026-01-18 12:54:51", "level": "INFO", "tool_key": "calculator", "class_name": "Calculator", "message": "Plugin Calculator inicializado", "extra_data": {}}
{"timestamp": "2026-01-18 12:54:51", "level": "INFO", "tool_key": "plugin_manager", "class_name": "PluginManager", "message": "Plugin carregado: Calculator", "extra_data": {}}
{"timestamp": "2026-01-18 12:54:51", "level": "DEBUG", "tool_key": "plugin_manager", "class_name": "PluginManager", "message": "Carregando plugin: ico_converter.py", "extra_data": {}}
{"timestamp": "2026-01-18 12:54:51", "level": "INFO", "tool_key": "ico_converter", "class_name": "ICOConverter", "message": "Plugin ICO Converter inicializado", "extra_data": {}}
{"timestamp": "2026-01-18 12:54:51", "level": "INFO", "tool_key": "plugin_manager", "class_name": "PluginManager", "message": "Plugin carregado: ICO Converter", "extra_data": {}}
{"timestamp": "2026-01-18 12:54:51", "level": "DEBUG", "tool_key": "plugin_manager", "class_name": "PluginManager", "message": "Carregando plugin: sample_browser.py", "extra_data": {}}
{"timestamp": "2026-01-18 12:54:51", "level": "INFO", "tool_key": "plugin_manager", "class_name": "PluginManager", "message": "Plugin carregado: Simple Browser", "extra_data": {}}
{"timestamp": "2026-01-18 12:54:51", "level": "DEBUG", "tool_key": "plugin_manager", "class_name": "PluginManager", "message": "Carregando plugin: sample_text_viewer.py", "extra_data": {}}
{"timestamp": "2026-01-18 12:54:51", "level": "INFO", "tool_key": "plugin_manager", "class_name": "PluginManager", "message": "Plugin carregado: Text Viewer", "extra_data": {}}
{"timestamp": "2026-01-18 12:54:51", "level": "DEBUG", "tool_key": "plugin_manager", "class_name": "PluginManager", "message": "Carregando plugin: todo_list.py", "extra_data": {}}
{"timestamp": "2026-01-18 12:54:51", "level": "INFO", "tool_key": "plugin_manager", "class_name": "PluginManager", "message": "Plugin carregado: Todo List", "extra_data": {}}
{"timestamp": "2026-01-18 12:54:51", "level": "INFO", "tool_key": "plugin_manager", "class_name": "PluginManager", "message": "Total de plugins carregados: 5", "extra_data": {}}
{"timestamp": "2026-01-18 12:54:56", "level": "DEBUG", "tool_key": "main_window", "class_name": "MainWindow", "message": "Tentativa de abrir plugin: ICO Converter", "extra_data": {}}
{"timestamp": "2026-01-18 12:54:56", "level": "DEBUG", "tool_key": "ico_converter", "class_name": "ICOConverter", "message": "Criando widget do conversor ICO", "extra_data": {}}
{"timestamp": "2026-01-18 12:54:56", "level": "DEBUG", "tool_key": "ico_converter", "class_name": "FileExplorer", "message": "FileExplorer criado com extensões: ['.png', '.jpg', '.jpeg', '.tif', '.tiff', '.bmp', '.gif', '.webp'], recursivo: True", "extra_data": {}}
{"timestamp": "2026-01-18 12:55:01", "level": "INFO", "tool_key": "ico_converter", "class_name": "ICOConverter", "message": "Widget do conversor ICO criado com sucesso", "extra_data": {}}
{"timestamp": "2026-01-18 12:55:01", "level": "INFO", "tool_key": "main_window", "class_name": "MainWindow", "message": "Plugin ICO Converter aberto com sucesso", "extra_data": {}}
{"timestamp": "2026-01-18 12:55:01", "level": "INFO", "tool_key": "ico_converter", "class_name": "ICOConverter", "message": "Carregando imagens de: C:/Users/marti/OneDrive/##Documents-Drive/Curriculo/olds", "extra_data": {}}
{"timestamp": "2026-01-18 12:55:01", "level": "INFO", "tool_key": "ico_converter", "class_name": "FileExplorer", "message": "Encontrados 1 arquivos em C:/Users/marti/OneDrive/##Documents-Drive/Curriculo/olds", "extra_data": {}}
{"timestamp": "2026-01-18 12:55:01", "level": "INFO", "tool_key": "ico_converter", "class_name": "ICOConverter", "message": "Carregadas 1 imagens", "extra_data": {}}
{"timestamp": "2026-01-18 12:55:01", "level": "INFO", "tool_key": "ico_converter", "class_name": "ICOConverter", "message": "Pasta base alterada para: C:/Users/marti/OneDrive/##Documents-Drive/Curriculo/olds", "extra_data": {}}
{"timestamp": "2026-01-18 12:55:01", "level": "INFO", "tool_key": "ico_converter", "class_name": "ICOConverter", "message": "Carregando imagens de: C:/Users/marti/OneDrive/##Documents-Drive/Curriculo/olds", "extra_data": {}}
{"timestamp": "2026-01-18 12:55:01", "level": "INFO", "tool_key": "ico_converter", "class_name": "FileExplorer", "message": "Encontrados 1 arquivos em C:/Users/marti/OneDrive/##Documents-Drive/Curriculo/olds", "extra_data": {}}
{"timestamp": "2026-01-18 12:55:01", "level": "INFO", "tool_key": "ico_converter", "class_name": "ICOConverter", "message": "Carregadas 1 imagens", "extra_data": {}}
{"timestamp": "2026-01-18 12:55:01", "level": "DEBUG", "tool_key": "main_window", "class_name": "MainWindow", "message": "Tentativa de abrir plugin: Simple Browser", "extra_data": {}}
{"timestamp": "2026-01-18 12:55:01", "level": "INFO", "tool_key": "main_window", "class_name": "MainWindow", "message": "Plugin Simple Browser aberto com sucesso", "extra_data": {}}
{"timestamp": "2026-01-18 12:55:01", "level": "DEBUG", "tool_key": "main_window", "class_name": "MainWindow", "message": "Tentativa de abrir plugin: ICO Converter", "extra_data": {}}
{"timestamp": "2026-01-18 12:55:01", "level": "INFO", "tool_key": "main_window", "class_name": "MainWindow", "message": "Plugin ICO Converter já estava aberto, aba ativada", "extra_data": {}}
{"timestamp": "2026-01-18 12:55:02", "level": "DEBUG", "tool_key": "main_window", "class_name": "MainWindow", "message": "Tentativa de abrir plugin: Simple Browser", "extra_data": {}}
{"timestamp": "2026-01-18 12:55:02", "level": "INFO", "tool_key": "main_window", "class_name": "MainWindow", "message": "Plugin Simple Browser já estava aberto, aba ativada", "extra_data": {}}
{"timestamp": "2026-01-18 12:55:03", "level": "DEBUG", "tool_key": "main_window", "class_name": "MainWindow", "message": "Tentativa de abrir plugin: Text Viewer", "extra_data": {}}
{"timestamp": "2026-01-18 12:55:03", "level": "INFO", "tool_key": "main_window", "class_name": "MainWindow", "message": "Plugin Text Viewer aberto com sucesso", "extra_data": {}}
{"timestamp": "2026-01-18 12:55:04", "level": "DEBUG", "tool_key": "main_window", "class_name": "MainWindow", "message": "Tentativa de abrir plugin: Todo List", "extra_data": {}}
{"timestamp": "2026-01-18 12:55:04", "level": "INFO", "tool_key": "main_window", "class_name": "MainWindow", "message": "Plugin Todo List aberto com sucesso", "extra_data": {}}
{"timestamp": "2026-01-18 12:55:04", "level": "DEBUG", "tool_key": "main_window", "class_name": "MainWindow", "message": "Tentativa de abrir plugin: ICO Converter", "extra_data": {}}
{"timestamp": "2026-01-18 12:55:04", "level": "INFO", "tool_key": "main_window", "class_name": "MainWindow", "message": "Plugin ICO Converter já estava aberto, aba ativada", "extra_data": {}}
{"timestamp": "2026-01-18 12:55:18", "level": "INFO", "tool_key": "ico_converter", "class_name": "ICOConverter", "message": "Carregando imagens de: C:/Users/marti/Pictures", "extra_data": {}}
{"timestamp": "2026-01-18 12:55:18", "level": "INFO", "tool_key": "ico_converter", "class_name": "FileExplorer", "message": "Encontrados 74 arquivos em C:/Users/marti/Pictures", "extra_data": {}}
{"timestamp": "2026-01-18 12:55:19", "level": "INFO", "tool_key": "ico_converter", "class_name": "ICOConverter", "message": "Carregadas 74 imagens", "extra_data": {}}
{"timestamp": "2026-01-18 12:55:19", "level": "INFO", "tool_key": "ico_converter", "class_name": "ICOConverter", "message": "Pasta selecionada: C:/Users/marti/Pictures", "extra_data": {}}
{"timestamp": "2026-01-18 12:55:32", "level": "DEBUG", "tool_key": "ico_converter", "class_name": "ICOConverter", "message": "Tamanho 256x256: False", "extra_data": {}}
{"timestamp": "2026-01-18 12:55:33", "level": "DEBUG", "tool_key": "ico_converter", "class_name": "ICOConverter", "message": "Tamanho 64x64: False", "extra_data": {}}
{"timestamp": "2026-01-18 12:55:44", "level": "DEBUG", "tool_key": "ico_converter", "class_name": "ImageUtil", "message": "Iniciando conversão: C:/Users/marti/Pictures\\101FIELDVIEW.png -> C:/Users/marti/Pictures/aaaaaaaaa\\101FIELDVIEW.ico, sizes: [16, 32, 48, 64, 128, 256]", "extra_data": {}}
{"timestamp": "2026-01-18 12:55:44", "level": "DEBUG", "tool_key": "ico_converter", "class_name": "ImageUtil", "message": "Iniciando conversão: C:/Users/marti/Pictures\\38.jpg -> C:/Users/marti/Pictures/aaaaaaaaa\\38.ico, sizes: [16, 32, 48, 64, 128, 256]", "extra_data": {}}
{"timestamp": "2026-01-18 12:55:44", "level": "DEBUG", "tool_key": "ico_converter", "class_name": "ImageUtil", "message": "Iniciando conversão: C:/Users/marti/Pictures\\AGENTE DE IA.jpg -> C:/Users/marti/Pictures/aaaaaaaaa\\AGENTE DE IA.ico, sizes: [16, 32, 48, 64, 128, 256]", "extra_data": {}}
{"timestamp": "2026-01-18 12:55:44", "level": "DEBUG", "tool_key": "ico_converter", "class_name": "ImageUtil", "message": "Iniciando conversão: C:/Users/marti/Pictures\\AGENTE2.jpg -> C:/Users/marti/Pictures/aaaaaaaaa\\AGENTE2.ico, sizes: [16, 32, 48, 64, 128, 256]", "extra_data": {}}
{"timestamp": "2026-01-18 12:55:44", "level": "INFO", "tool_key": "ico_converter", "class_name": "ICOConverter", "message": "Iniciada conversão de 74 imagens para C:/Users/marti/Pictures/aaaaaaaaa", "extra_data": {}}
{"timestamp": "2026-01-18 12:55:45", "level": "INFO", "tool_key": "ico_converter", "class_name": "ImageUtil", "message": "ICO salvo com sucesso: C:/Users/marti/Pictures/aaaaaaaaa\\AGENTE2.ico", "extra_data": {}}
{"timestamp": "2026-01-18 12:55:45", "level": "INFO", "tool_key": "ico_converter", "class_name": "ImageUtil", "message": "ICO salvo com sucesso: C:/Users/marti/Pictures/aaaaaaaaa\\AGENTE DE IA.ico", "extra_data": {}}
{"timestamp": "2026-01-18 12:55:45", "level": "DEBUG", "tool_key": "ico_converter", "class_name": "ImageUtil", "message": "Iniciando conversão: C:/Users/marti/Pictures\\alpha.jpg -> C:/Users/marti/Pictures/aaaaaaaaa\\alpha.ico, sizes: [16, 32, 48, 64, 128, 256]", "extra_data": {}}
{"timestamp": "2026-01-18 12:55:45", "level": "DEBUG", "tool_key": "ico_converter", "class_name": "ImageUtil", "message": "Iniciando conversão: C:/Users/marti/Pictures\\atfarm.jpg -> C:/Users/marti/Pictures/aaaaaaaaa\\atfarm.ico, sizes: [16, 32, 48, 64, 128, 256]", "extra_data": {}}
{"timestamp": "2026-01-18 12:55:45", "level": "INFO", "tool_key": "ico_converter", "class_name": "ImageUtil", "message": "ICO salvo com sucesso: C:/Users/marti/Pictures/aaaaaaaaa\\38.ico", "extra_data": {}}
{"timestamp": "2026-01-18 12:55:45", "level": "DEBUG", "tool_key": "ico_converter", "class_name": "ImageUtil", "message": "Iniciando conversão: C:/Users/marti/Pictures\\aula2.jpg -> C:/Users/marti/Pictures/aaaaaaaaa\\aula2.ico, sizes: [16, 32, 48, 64, 128, 256]", "extra_data": {}}
{"timestamp": "2026-01-18 12:55:45", "level": "INFO", "tool_key": "ico_converter", "class_name": "ImageUtil", "message": "ICO salvo com sucesso: C:/Users/marti/Pictures/aaaaaaaaa\\101FIELDVIEW.ico", "extra_data": {}}
{"timestamp": "2026-01-18 12:55:45", "level": "DEBUG", "tool_key": "ico_converter", "class_name": "ImageUtil", "message": "Iniciando conversão: C:/Users/marti/Pictures\\dados.jpg -> C:/Users/marti/Pictures/aaaaaaaaa\\dados.ico, sizes: [16, 32, 48, 64, 128, 256]", "extra_data": {}}
{"timestamp": "2026-01-18 12:55:45", "level": "INFO", "tool_key": "ico_converter", "class_name": "ImageUtil", "message": "ICO salvo com sucesso: C:/Users/marti/Pictures/aaaaaaaaa\\atfarm.ico", "extra_data": {}}
{"timestamp": "2026-01-18 12:55:45", "level": "DEBUG", "tool_key": "ico_converter", "class_name": "ImageUtil", "message": "Iniciando conversão: C:/Users/marti/Pictures\\dd.jpg -> C:/Users/marti/Pictures/aaaaaaaaa\\dd.ico, sizes: [16, 32, 48, 64, 128, 256]", "extra_data": {}}
{"timestamp": "2026-01-18 12:55:45", "level": "INFO", "tool_key": "ico_converter", "class_name": "ImageUtil", "message": "ICO salvo com sucesso: C:/Users/marti/Pictures/aaaaaaaaa\\alpha.ico", "extra_data": {}}
{"timestamp": "2026-01-18 12:55:45", "level": "DEBUG", "tool_key": "ico_converter", "class_name": "ImageUtil", "message": "Iniciando conversão: C:/Users/marti/Pictures\\field.png -> C:/Users/marti/Pictures/aaaaaaaaa\\field.ico, sizes: [16, 32, 48, 64, 128, 256]", "extra_data": {}}
{"timestamp": "2026-01-18 12:55:45", "level": "INFO", "tool_key": "ico_converter", "class_name": "ImageUtil", "message": "ICO salvo com sucesso: C:/Users/marti/Pictures/aaaaaaaaa\\field.ico", "extra_data": {}}
{"timestamp": "2026-01-18 12:55:45", "level": "DEBUG", "tool_key": "ico_converter", "class_name": "ImageUtil", "message": "Iniciando conversão: C:/Users/marti/Pictures\\fild.png -> C:/Users/marti/Pictures/aaaaaaaaa\\fild.ico, sizes: [16, 32, 48, 64, 128, 256]", "extra_data": {}}
{"timestamp": "2026-01-18 12:55:45", "level": "INFO", "tool_key": "ico_converter", "class_name": "ImageUtil", "message": "ICO salvo com sucesso: C:/Users/marti/Pictures/aaaaaaaaa\\aula2.ico", "extra_data": {}}
{"timestamp": "2026-01-18 12:55:45", "level": "DEBUG", "tool_key": "ico_converter", "class_name": "ImageUtil", "message": "Iniciando conversão: C:/Users/marti/Pictures\\fildd.png -> C:/Users/marti/Pictures/aaaaaaaaa\\fildd.ico, sizes: [16, 32, 48, 64, 128, 256]", "extra_data": {}}
{"timestamp": "2026-01-18 12:55:45", "level": "INFO", "tool_key": "ico_converter", "class_name": "ImageUtil", "message": "ICO salvo com sucesso: C:/Users/marti/Pictures/aaaaaaaaa\\dados.ico", "extra_data": {}}
{"timestamp": "2026-01-18 12:55:45", "level": "DEBUG", "tool_key": "ico_converter", "class_name": "ImageUtil", "message": "Iniciando conversão: C:/Users/marti/Pictures\\ia.jpg -> C:/Users/marti/Pictures/aaaaaaaaa\\ia.ico, sizes: [16, 32, 48, 64, 128, 256]", "extra_data": {}}
{"timestamp": "2026-01-18 12:55:45", "level": "INFO", "tool_key": "ico_converter", "class_name": "ImageUtil", "message": "ICO salvo com sucesso: C:/Users/marti/Pictures/aaaaaaaaa\\fildd.ico", "extra_data": {}}
{"timestamp": "2026-01-18 12:55:45", "level": "DEBUG", "tool_key": "ico_converter", "class_name": "ImageUtil", "message": "Iniciando conversão: C:/Users/marti/Pictures\\ia1.jpg -> C:/Users/marti/Pictures/aaaaaaaaa\\ia1.ico, sizes: [16, 32, 48, 64, 128, 256]", "extra_data": {}}
{"timestamp": "2026-01-18 12:55:45", "level": "INFO", "tool_key": "ico_converter", "class_name": "ImageUtil", "message": "ICO salvo com sucesso: C:/Users/marti/Pictures/aaaaaaaaa\\fild.ico", "extra_data": {}}
{"timestamp": "2026-01-18 12:55:45", "level": "DEBUG", "tool_key": "ico_converter", "class_name": "ImageUtil", "message": "Iniciando conversão: C:/Users/marti/Pictures\\ia23.jpg -> C:/Users/marti/Pictures/aaaaaaaaa\\ia23.ico, sizes: [16, 32, 48, 64, 128, 256]", "extra_data": {}}
{"timestamp": "2026-01-18 12:55:45", "level": "INFO", "tool_key": "ico_converter", "class_name": "ImageUtil", "message": "ICO salvo com sucesso: C:/Users/marti/Pictures/aaaaaaaaa\\ia.ico", "extra_data": {}}
{"timestamp": "2026-01-18 12:55:45", "level": "DEBUG", "tool_key": "ico_converter", "class_name": "ImageUtil", "message": "Iniciando conversão: C:/Users/marti/Pictures\\Imagem do WhatsApp de 2025-11-11 à(s) 21.48.05_5b65e76b.jpg -> C:/Users/marti/Pictures/aaaaaaaaa\\Imagem do WhatsApp de 2025-11-11 à(s) 21.48.05_5b65e76b.ico, sizes: [16, 32, 48, 64, 128, 256]", "extra_data": {}}
{"timestamp": "2026-01-18 12:55:45", "level": "INFO", "tool_key": "ico_converter", "class_name": "ImageUtil", "message": "ICO salvo com sucesso: C:/Users/marti/Pictures/aaaaaaaaa\\dd.ico", "extra_data": {}}
{"timestamp": "2026-01-18 12:55:45", "level": "DEBUG", "tool_key": "ico_converter", "class_name": "ImageUtil", "message": "Iniciando conversão: C:/Users/marti/Pictures\\Imagem do WhatsApp de 2025-11-11 à(s) 21.48.27_3124d693.jpg -> C:/Users/marti/Pictures/aaaaaaaaa\\Imagem do WhatsApp de 2025-11-11 à(s) 21.48.27_3124d693.ico, sizes: [16, 32, 48, 64, 128, 256]", "extra_data": {}}
{"timestamp": "2026-01-18 12:55:45", "level": "INFO", "tool_key": "ico_converter", "class_name": "ImageUtil", "message": "ICO salvo com sucesso: C:/Users/marti/Pictures/aaaaaaaaa\\ia1.ico", "extra_data": {}}
{"timestamp": "2026-01-18 12:55:45", "level": "DEBUG", "tool_key": "ico_converter", "class_name": "ImageUtil", "message": "Iniciando conversão: C:/Users/marti/Pictures\\Imagem do WhatsApp de 2025-11-11 à(s) 21.55.43_2fe8bd0e.jpg -> C:/Users/marti/Pictures/aaaaaaaaa\\Imagem do WhatsApp de 2025-11-11 à(s) 21.55.43_2fe8bd0e.ico, sizes: [16, 32, 48, 64, 128, 256]", "extra_data": {}}
{"timestamp": "2026-01-18 12:55:45", "level": "INFO", "tool_key": "ico_converter", "class_name": "ImageUtil", "message": "ICO salvo com sucesso: C:/Users/marti/Pictures/aaaaaaaaa\\ia23.ico", "extra_data": {}}
{"timestamp": "2026-01-18 12:55:45", "level": "DEBUG", "tool_key": "ico_converter", "class_name": "ImageUtil", "message": "Iniciando conversão: C:/Users/marti/Pictures\\n8n.jpg -> C:/Users/marti/Pictures/aaaaaaaaa\\n8n.ico, sizes: [16, 32, 48, 64, 128, 256]", "extra_data": {}}
{"timestamp": "2026-01-18 12:55:45", "level": "INFO", "tool_key": "ico_converter", "class_name": "ImageUtil", "message": "ICO salvo com sucesso: C:/Users/marti/Pictures/aaaaaaaaa\\Imagem do WhatsApp de 2025-11-11 à(s) 21.48.05_5b65e76b.ico", "extra_data": {}}
{"timestamp": "2026-01-18 12:55:45", "level": "DEBUG", "tool_key": "ico_converter", "class_name": "ImageUtil", "message": "Iniciando conversão: C:/Users/marti/Pictures\\nomes talgoes.png -> C:/Users/marti/Pictures/aaaaaaaaa\\nomes talgoes.ico, sizes: [16, 32, 48, 64, 128, 256]", "extra_data": {}}
{"timestamp": "2026-01-18 12:55:45", "level": "INFO", "tool_key": "ico_converter", "class_name": "ImageUtil", "message": "ICO salvo com sucesso: C:/Users/marti/Pictures/aaaaaaaaa\\n8n.ico", "extra_data": {}}
{"timestamp": "2026-01-18 12:55:45", "level": "DEBUG", "tool_key": "ico_converter", "class_name": "ImageUtil", "message": "Iniciando conversão: C:/Users/marti/Pictures\\Screenshot_1.jpg -> C:/Users/marti/Pictures/aaaaaaaaa\\Screenshot_1.ico, sizes: [16, 32, 48, 64, 128, 256]", "extra_data": {}}
{"timestamp": "2026-01-18 12:55:45", "level": "INFO", "tool_key": "ico_converter", "class_name": "ImageUtil", "message": "ICO salvo com sucesso: C:/Users/marti/Pictures/aaaaaaaaa\\nomes talgoes.ico", "extra_data": {}}
{"timestamp": "2026-01-18 12:55:45", "level": "DEBUG", "tool_key": "ico_converter", "class_name": "ImageUtil", "message": "Iniciando conversão: C:/Users/marti/Pictures\\Screenshot_10.jpg -> C:/Users/marti/Pictures/aaaaaaaaa\\Screenshot_10.ico, sizes: [16, 32, 48, 64, 128, 256]", "extra_data": {}}
{"timestamp": "2026-01-18 12:55:45", "level": "INFO", "tool_key": "ico_converter", "class_name": "ImageUtil", "message": "ICO salvo com sucesso: C:/Users/marti/Pictures/aaaaaaaaa\\Screenshot_10.ico", "extra_data": {}}
{"timestamp": "2026-01-18 12:55:45", "level": "DEBUG", "tool_key": "ico_converter", "class_name": "ImageUtil", "message": "Iniciando conversão: C:/Users/marti/Pictures\\Screenshot_11.jpg -> C:/Users/marti/Pictures/aaaaaaaaa\\Screenshot_11.ico, sizes: [16, 32, 48, 64, 128, 256]", "extra_data": {}}
{"timestamp": "2026-01-18 12:55:45", "level": "INFO", "tool_key": "ico_converter", "class_name": "ImageUtil", "message": "ICO salvo com sucesso: C:/Users/marti/Pictures/aaaaaaaaa\\Screenshot_1.ico", "extra_data": {}}
{"timestamp": "2026-01-18 12:55:45", "level": "DEBUG", "tool_key": "ico_converter", "class_name": "ImageUtil", "message": "Iniciando conversão: C:/Users/marti/Pictures\\Screenshot_12.jpg -> C:/Users/marti/Pictures/aaaaaaaaa\\Screenshot_12.ico, sizes: [16, 32, 48, 64, 128, 256]", "extra_data": {}}
{"timestamp": "2026-01-18 12:55:45", "level": "INFO", "tool_key": "ico_converter", "class_name": "ImageUtil", "message": "ICO salvo com sucesso: C:/Users/marti/Pictures/aaaaaaaaa\\Screenshot_11.ico", "extra_data": {}}
{"timestamp": "2026-01-18 12:55:45", "level": "DEBUG", "tool_key": "ico_converter", "class_name": "ImageUtil", "message": "Iniciando conversão: C:/Users/marti/Pictures\\Screenshot_13.jpg -> C:/Users/marti/Pictures/aaaaaaaaa\\Screenshot_13.ico, sizes: [16, 32, 48, 64, 128, 256]", "extra_data": {}}
{"timestamp": "2026-01-18 12:55:45", "level": "INFO", "tool_key": "ico_converter", "class_name": "ImageUtil", "message": "ICO salvo com sucesso: C:/Users/marti/Pictures/aaaaaaaaa\\Screenshot_12.ico", "extra_data": {}}
{"timestamp": "2026-01-18 12:55:45", "level": "DEBUG", "tool_key": "ico_converter", "class_name": "ImageUtil", "message": "Iniciando conversão: C:/Users/marti/Pictures\\Screenshot_14.jpg -> C:/Users/marti/Pictures/aaaaaaaaa\\Screenshot_14.ico, sizes: [16, 32, 48, 64, 128, 256]", "extra_data": {}}
{"timestamp": "2026-01-18 12:55:45", "level": "INFO", "tool_key": "ico_converter", "class_name": "ImageUtil", "message": "ICO salvo com sucesso: C:/Users/marti/Pictures/aaaaaaaaa\\Imagem do WhatsApp de 2025-11-11 à(s) 21.48.27_3124d693.ico", "extra_data": {}}
{"timestamp": "2026-01-18 12:55:45", "level": "DEBUG", "tool_key": "ico_converter", "class_name": "ImageUtil", "message": "Iniciando conversão: C:/Users/marti/Pictures\\Screenshot_15.jpg -> C:/Users/marti/Pictures/aaaaaaaaa\\Screenshot_15.ico, sizes: [16, 32, 48, 64, 128, 256]", "extra_data": {}}
{"timestamp": "2026-01-18 12:55:45", "level": "INFO", "tool_key": "ico_converter", "class_name": "ImageUtil", "message": "ICO salvo com sucesso: C:/Users/marti/Pictures/aaaaaaaaa\\Screenshot_15.ico", "extra_data": {}}
{"timestamp": "2026-01-18 12:55:45", "level": "DEBUG", "tool_key": "ico_converter", "class_name": "ImageUtil", "message": "Iniciando conversão: C:/Users/marti/Pictures\\Screenshot_16.jpg -> C:/Users/marti/Pictures/aaaaaaaaa\\Screenshot_16.ico, sizes: [16, 32, 48, 64, 128, 256]", "extra_data": {}}
{"timestamp": "2026-01-18 12:55:45", "level": "INFO", "tool_key": "ico_converter", "class_name": "ImageUtil", "message": "ICO salvo com sucesso: C:/Users/marti/Pictures/aaaaaaaaa\\Imagem do WhatsApp de 2025-11-11 à(s) 21.55.43_2fe8bd0e.ico", "extra_data": {}}
{"timestamp": "2026-01-18 12:55:45", "level": "DEBUG", "tool_key": "ico_converter", "class_name": "ImageUtil", "message": "Iniciando conversão: C:/Users/marti/Pictures\\Screenshot_17.jpg -> C:/Users/marti/Pictures/aaaaaaaaa\\Screenshot_17.ico, sizes: [16, 32, 48, 64, 128, 256]", "extra_data": {}}
{"timestamp": "2026-01-18 12:55:45", "level": "INFO", "tool_key": "ico_converter", "class_name": "ImageUtil", "message": "ICO salvo com sucesso: C:/Users/marti/Pictures/aaaaaaaaa\\Screenshot_13.ico", "extra_data": {}}
{"timestamp": "2026-01-18 12:55:45", "level": "INFO", "tool_key": "ico_converter", "class_name": "ImageUtil", "message": "ICO salvo com sucesso: C:/Users/marti/Pictures/aaaaaaaaa\\Screenshot_14.ico", "extra_data": {}}
{"timestamp": "2026-01-18 12:55:45", "level": "DEBUG", "tool_key": "ico_converter", "class_name": "ImageUtil", "message": "Iniciando conversão: C:/Users/marti/Pictures\\Screenshot_2.jpg -> C:/Users/marti/Pictures/aaaaaaaaa\\Screenshot_2.ico, sizes: [16, 32, 48, 64, 128, 256]", "extra_data": {}}
{"timestamp": "2026-01-18 12:55:45", "level": "DEBUG", "tool_key": "ico_converter", "class_name": "ImageUtil", "message": "Iniciando conversão: C:/Users/marti/Pictures\\Screenshot_3.jpg -> C:/Users/marti/Pictures/aaaaaaaaa\\Screenshot_3.ico, sizes: [16, 32, 48, 64, 128, 256]", "extra_data": {}}
{"timestamp": "2026-01-18 12:55:45", "level": "INFO", "tool_key": "ico_converter", "class_name": "ImageUtil", "message": "ICO salvo com sucesso: C:/Users/marti/Pictures/aaaaaaaaa\\Screenshot_2.ico", "extra_data": {}}
{"timestamp": "2026-01-18 12:55:45", "level": "DEBUG", "tool_key": "ico_converter", "class_name": "ImageUtil", "message": "Iniciando conversão: C:/Users/marti/Pictures\\Screenshot_4.jpg -> C:/Users/marti/Pictures/aaaaaaaaa\\Screenshot_4.ico, sizes: [16, 32, 48, 64, 128, 256]", "extra_data": {}}
{"timestamp": "2026-01-18 12:55:45", "level": "INFO", "tool_key": "ico_converter", "class_name": "ImageUtil", "message": "ICO salvo com sucesso: C:/Users/marti/Pictures/aaaaaaaaa\\Screenshot_16.ico", "extra_data": {}}
{"timestamp": "2026-01-18 12:55:45", "level": "DEBUG", "tool_key": "ico_converter", "class_name": "ImageUtil", "message": "Iniciando conversão: C:/Users/marti/Pictures\\Screenshot_5.jpg -> C:/Users/marti/Pictures/aaaaaaaaa\\Screenshot_5.ico, sizes: [16, 32, 48, 64, 128, 256]", "extra_data": {}}
{"timestamp": "2026-01-18 12:55:45", "level": "INFO", "tool_key": "ico_converter", "class_name": "ImageUtil", "message": "ICO salvo com sucesso: C:/Users/marti/Pictures/aaaaaaaaa\\Screenshot_3.ico", "extra_data": {}}
{"timestamp": "2026-01-18 12:55:45", "level": "DEBUG", "tool_key": "ico_converter", "class_name": "ImageUtil", "message": "Iniciando conversão: C:/Users/marti/Pictures\\Screenshot_6.jpg -> C:/Users/marti/Pictures/aaaaaaaaa\\Screenshot_6.ico, sizes: [16, 32, 48, 64, 128, 256]", "extra_data": {}}
{"timestamp": "2026-01-18 12:55:45", "level": "INFO", "tool_key": "ico_converter", "class_name": "ImageUtil", "message": "ICO salvo com sucesso: C:/Users/marti/Pictures/aaaaaaaaa\\Screenshot_4.ico", "extra_data": {}}
{"timestamp": "2026-01-18 12:55:45", "level": "INFO", "tool_key": "ico_converter", "class_name": "ImageUtil", "message": "ICO salvo com sucesso: C:/Users/marti/Pictures/aaaaaaaaa\\Screenshot_6.ico", "extra_data": {}}
{"timestamp": "2026-01-18 12:55:45", "level": "DEBUG", "tool_key": "ico_converter", "class_name": "ImageUtil", "message": "Iniciando conversão: C:/Users/marti/Pictures\\Screenshot_7.jpg -> C:/Users/marti/Pictures/aaaaaaaaa\\Screenshot_7.ico, sizes: [16, 32, 48, 64, 128, 256]", "extra_data": {}}
{"timestamp": "2026-01-18 12:55:45", "level": "DEBUG", "tool_key": "ico_converter", "class_name": "ImageUtil", "message": "Iniciando conversão: C:/Users/marti/Pictures\\Screenshot_8.jpg -> C:/Users/marti/Pictures/aaaaaaaaa\\Screenshot_8.ico, sizes: [16, 32, 48, 64, 128, 256]", "extra_data": {}}
{"timestamp": "2026-01-18 12:55:45", "level": "INFO", "tool_key": "ico_converter", "class_name": "ImageUtil", "message": "ICO salvo com sucesso: C:/Users/marti/Pictures/aaaaaaaaa\\Screenshot_17.ico", "extra_data": {}}
{"timestamp": "2026-01-18 12:55:45", "level": "DEBUG", "tool_key": "ico_converter", "class_name": "ImageUtil", "message": "Iniciando conversão: C:/Users/marti/Pictures\\Screenshot_9.jpg -> C:/Users/marti/Pictures/aaaaaaaaa\\Screenshot_9.ico, sizes: [16, 32, 48, 64, 128, 256]", "extra_data": {}}
{"timestamp": "2026-01-18 12:55:45", "level": "INFO", "tool_key": "ico_converter", "class_name": "ImageUtil", "message": "ICO salvo com sucesso: C:/Users/marti/Pictures/aaaaaaaaa\\Screenshot_5.ico", "extra_data": {}}
{"timestamp": "2026-01-18 12:55:45", "level": "DEBUG", "tool_key": "ico_converter", "class_name": "ImageUtil", "message": "Iniciando conversão: C:/Users/marti/Pictures\\Sem título.png -> C:/Users/marti/Pictures/aaaaaaaaa\\Sem título.ico, sizes: [16, 32, 48, 64, 128, 256]", "extra_data": {}}
{"timestamp": "2026-01-18 12:55:45", "level": "INFO", "tool_key": "ico_converter", "class_name": "ImageUtil", "message": "ICO salvo com sucesso: C:/Users/marti/Pictures/aaaaaaaaa\\Sem título.ico", "extra_data": {}}
{"timestamp": "2026-01-18 12:55:45", "level": "DEBUG", "tool_key": "ico_converter", "class_name": "ImageUtil", "message": "Iniciando conversão: C:/Users/marti/Pictures\\senha fabiano.png -> C:/Users/marti/Pictures/aaaaaaaaa\\senha fabiano.ico, sizes: [16, 32, 48, 64, 128, 256]", "extra_data": {}}
{"timestamp": "2026-01-18 12:55:45", "level": "INFO", "tool_key": "ico_converter", "class_name": "ImageUtil", "message": "ICO salvo com sucesso: C:/Users/marti/Pictures/aaaaaaaaa\\senha fabiano.ico", "extra_data": {}}
{"timestamp": "2026-01-18 12:55:45", "level": "DEBUG", "tool_key": "ico_converter", "class_name": "ImageUtil", "message": "Iniciando conversão: C:/Users/marti/Pictures\\SJ.jpg -> C:/Users/marti/Pictures/aaaaaaaaa\\SJ.ico, sizes: [16, 32, 48, 64, 128, 256]", "extra_data": {}}
{"timestamp": "2026-01-18 12:55:45", "level": "INFO", "tool_key": "ico_converter", "class_name": "ImageUtil", "message": "ICO salvo com sucesso: C:/Users/marti/Pictures/aaaaaaaaa\\Screenshot_7.ico", "extra_data": {}}
{"timestamp": "2026-01-18 12:55:45", "level": "DEBUG", "tool_key": "ico_converter", "class_name": "ImageUtil", "message": "Iniciando conversão: C:/Users/marti/Pictures\\TELE.jpg -> C:/Users/marti/Pictures/aaaaaaaaa\\TELE.ico, sizes: [16, 32, 48, 64, 128, 256]", "extra_data": {}}
{"timestamp": "2026-01-18 12:55:45", "level": "INFO", "tool_key": "ico_converter", "class_name": "ImageUtil", "message": "ICO salvo com sucesso: C:/Users/marti/Pictures/aaaaaaaaa\\Screenshot_8.ico", "extra_data": {}}
{"timestamp": "2026-01-18 12:55:45", "level": "DEBUG", "tool_key": "ico_converter", "class_name": "ImageUtil", "message": "Iniciando conversão: C:/Users/marti/Pictures\\Camera Roll\\WIN_20231118_12_44_02_Pro.jpg -> C:/Users/marti/Pictures/aaaaaaaaa\\WIN_20231118_12_44_02_Pro.ico, sizes: [16, 32, 48, 64, 128, 256]", "extra_data": {}}
{"timestamp": "2026-01-18 12:55:45", "level": "INFO", "tool_key": "ico_converter", "class_name": "ImageUtil", "message": "ICO salvo com sucesso: C:/Users/marti/Pictures/aaaaaaaaa\\SJ.ico", "extra_data": {}}
{"timestamp": "2026-01-18 12:55:45", "level": "DEBUG", "tool_key": "ico_converter", "class_name": "ImageUtil", "message": "Iniciando conversão: C:/Users/marti/Pictures\\Camera Roll\\WIN_20231118_12_44_05_Pro.jpg -> C:/Users/marti/Pictures/aaaaaaaaa\\WIN_20231118_12_44_05_Pro.ico, sizes: [16, 32, 48, 64, 128, 256]", "extra_data": {}}
{"timestamp": "2026-01-18 12:55:46", "level": "INFO", "tool_key": "ico_converter", "class_name": "ImageUtil", "message": "ICO salvo com sucesso: C:/Users/marti/Pictures/aaaaaaaaa\\Screenshot_9.ico", "extra_data": {}}
{"timestamp": "2026-01-18 12:55:46", "level": "DEBUG", "tool_key": "ico_converter", "class_name": "ImageUtil", "message": "Iniciando conversão: C:/Users/marti/Pictures\\Camera Roll\\WIN_20231118_12_44_07_Pro.jpg -> C:/Users/marti/Pictures/aaaaaaaaa\\WIN_20231118_12_44_07_Pro.ico, sizes: [16, 32, 48, 64, 128, 256]", "extra_data": {}}
{"timestamp": "2026-01-18 12:55:46", "level": "INFO", "tool_key": "ico_converter", "class_name": "ImageUtil", "message": "ICO salvo com sucesso: C:/Users/marti/Pictures/aaaaaaaaa\\TELE.ico", "extra_data": {}}
{"timestamp": "2026-01-18 12:55:46", "level": "DEBUG", "tool_key": "ico_converter", "class_name": "ImageUtil", "message": "Iniciando conversão: C:/Users/marti/Pictures\\Camera Roll\\WIN_20231119_13_34_32_Pro.jpg -> C:/Users/marti/Pictures/aaaaaaaaa\\WIN_20231119_13_34_32_Pro.ico, sizes: [16, 32, 48, 64, 128, 256]", "extra_data": {}}
{"timestamp": "2026-01-18 12:55:46", "level": "INFO", "tool_key": "ico_converter", "class_name": "ImageUtil", "message": "ICO salvo com sucesso: C:/Users/marti/Pictures/aaaaaaaaa\\WIN_20231118_12_44_02_Pro.ico", "extra_data": {}}
{"timestamp": "2026-01-18 12:55:46", "level": "DEBUG", "tool_key": "ico_converter", "class_name": "ImageUtil", "message": "Iniciando conversão: C:/Users/marti/Pictures\\Camera Roll\\WIN_20231119_13_34_33_Pro.jpg -> C:/Users/marti/Pictures/aaaaaaaaa\\WIN_20231119_13_34_33_Pro.ico, sizes: [16, 32, 48, 64, 128, 256]", "extra_data": {}}
{"timestamp": "2026-01-18 12:55:46", "level": "INFO", "tool_key": "ico_converter", "class_name": "ImageUtil", "message": "ICO salvo com sucesso: C:/Users/marti/Pictures/aaaaaaaaa\\WIN_20231118_12_44_05_Pro.ico", "extra_data": {}}
{"timestamp": "2026-01-18 12:55:46", "level": "DEBUG", "tool_key": "ico_converter", "class_name": "ImageUtil", "message": "Iniciando conversão: C:/Users/marti/Pictures\\Camera Roll\\WIN_20231119_13_34_34_Pro.jpg -> C:/Users/marti/Pictures/aaaaaaaaa\\WIN_20231119_13_34_34_Pro.ico, sizes: [16, 32, 48, 64, 128, 256]", "extra_data": {}}
{"timestamp": "2026-01-18 12:55:46", "level": "INFO", "tool_key": "ico_converter", "class_name": "ImageUtil", "message": "ICO salvo com sucesso: C:/Users/marti/Pictures/aaaaaaaaa\\WIN_20231118_12_44_07_Pro.ico", "extra_data": {}}
{"timestamp": "2026-01-18 12:55:46", "level": "DEBUG", "tool_key": "ico_converter", "class_name": "ImageUtil", "message": "Iniciando conversão: C:/Users/marti/Pictures\\Camera Roll\\WIN_20231123_21_05_41_Pro.jpg -> C:/Users/marti/Pictures/aaaaaaaaa\\WIN_20231123_21_05_41_Pro.ico, sizes: [16, 32, 48, 64, 128, 256]", "extra_data": {}}
{"timestamp": "2026-01-18 12:55:46", "level": "INFO", "tool_key": "ico_converter", "class_name": "ImageUtil", "message": "ICO salvo com sucesso: C:/Users/marti/Pictures/aaaaaaaaa\\WIN_20231119_13_34_32_Pro.ico", "extra_data": {}}
{"timestamp": "2026-01-18 12:55:46", "level": "DEBUG", "tool_key": "ico_converter", "class_name": "ImageUtil", "message": "Iniciando conversão: C:/Users/marti/Pictures\\Camera Roll\\WIN_20231123_21_05_43_Pro.jpg -> C:/Users/marti/Pictures/aaaaaaaaa\\WIN_20231123_21_05_43_Pro.ico, sizes: [16, 32, 48, 64, 128, 256]", "extra_data": {}}
{"timestamp": "2026-01-18 12:55:46", "level": "INFO", "tool_key": "ico_converter", "class_name": "ImageUtil", "message": "ICO salvo com sucesso: C:/Users/marti/Pictures/aaaaaaaaa\\WIN_20231119_13_34_33_Pro.ico", "extra_data": {}}
{"timestamp": "2026-01-18 12:55:46", "level": "DEBUG", "tool_key": "ico_converter", "class_name": "ImageUtil", "message": "Iniciando conversão: C:/Users/marti/Pictures\\Camera Roll\\WIN_20240115_06_58_25_Pro.jpg -> C:/Users/marti/Pictures/aaaaaaaaa\\WIN_20240115_06_58_25_Pro.ico, sizes: [16, 32, 48, 64, 128, 256]", "extra_data": {}}
{"timestamp": "2026-01-18 12:55:46", "level": "INFO", "tool_key": "ico_converter", "class_name": "ImageUtil", "message": "ICO salvo com sucesso: C:/Users/marti/Pictures/aaaaaaaaa\\WIN_20231119_13_34_34_Pro.ico", "extra_data": {}}
{"timestamp": "2026-01-18 12:55:46", "level": "DEBUG", "tool_key": "ico_converter", "class_name": "ImageUtil", "message": "Iniciando conversão: C:/Users/marti/Pictures\\Camera Roll\\WIN_20240115_06_58_27_Pro.jpg -> C:/Users/marti/Pictures/aaaaaaaaa\\WIN_20240115_06_58_27_Pro.ico, sizes: [16, 32, 48, 64, 128, 256]", "extra_data": {}}
{"timestamp": "2026-01-18 12:55:46", "level": "INFO", "tool_key": "ico_converter", "class_name": "ImageUtil", "message": "ICO salvo com sucesso: C:/Users/marti/Pictures/aaaaaaaaa\\WIN_20231123_21_05_41_Pro.ico", "extra_data": {}}
{"timestamp": "2026-01-18 12:55:46", "level": "DEBUG", "tool_key": "ico_converter", "class_name": "ImageUtil", "message": "Iniciando conversão: C:/Users/marti/Pictures\\Camera Roll\\WIN_20240115_06_58_29_Pro.jpg -> C:/Users/marti/Pictures/aaaaaaaaa\\WIN_20240115_06_58_29_Pro.ico, sizes: [16, 32, 48, 64, 128, 256]", "extra_data": {}}
{"timestamp": "2026-01-18 12:55:46", "level": "INFO", "tool_key": "ico_converter", "class_name": "ImageUtil", "message": "ICO salvo com sucesso: C:/Users/marti/Pictures/aaaaaaaaa\\WIN_20231123_21_05_43_Pro.ico", "extra_data": {}}
{"timestamp": "2026-01-18 12:55:46", "level": "DEBUG", "tool_key": "ico_converter", "class_name": "ImageUtil", "message": "Iniciando conversão: C:/Users/marti/Pictures\\Camera Roll\\WIN_20240115_06_58_30_Pro.jpg -> C:/Users/marti/Pictures/aaaaaaaaa\\WIN_20240115_06_58_30_Pro.ico, sizes: [16, 32, 48, 64, 128, 256]", "extra_data": {}}
{"timestamp": "2026-01-18 12:55:46", "level": "INFO", "tool_key": "ico_converter", "class_name": "ImageUtil", "message": "ICO salvo com sucesso: C:/Users/marti/Pictures/aaaaaaaaa\\WIN_20240115_06_58_25_Pro.ico", "extra_data": {}}
{"timestamp": "2026-01-18 12:55:46", "level": "DEBUG", "tool_key": "ico_converter", "class_name": "ImageUtil", "message": "Iniciando conversão: C:/Users/marti/Pictures\\Camera Roll\\WIN_20240115_13_37_35_Pro.jpg -> C:/Users/marti/Pictures/aaaaaaaaa\\WIN_20240115_13_37_35_Pro.ico, sizes: [16, 32, 48, 64, 128, 256]", "extra_data": {}}
{"timestamp": "2026-01-18 12:55:46", "level": "INFO", "tool_key": "ico_converter", "class_name": "ImageUtil", "message": "ICO salvo com sucesso: C:/Users/marti/Pictures/aaaaaaaaa\\WIN_20240115_06_58_27_Pro.ico", "extra_data": {}}
{"timestamp": "2026-01-18 12:55:46", "level": "DEBUG", "tool_key": "ico_converter", "class_name": "ImageUtil", "message": "Iniciando conversão: C:/Users/marti/Pictures\\Camera Roll\\WIN_20240115_13_37_37_Pro.jpg -> C:/Users/marti/Pictures/aaaaaaaaa\\WIN_20240115_13_37_37_Pro.ico, sizes: [16, 32, 48, 64, 128, 256]", "extra_data": {}}
{"timestamp": "2026-01-18 12:55:46", "level": "INFO", "tool_key": "ico_converter", "class_name": "ImageUtil", "message": "ICO salvo com sucesso: C:/Users/marti/Pictures/aaaaaaaaa\\WIN_20240115_06_58_29_Pro.ico", "extra_data": {}}
{"timestamp": "2026-01-18 12:55:46", "level": "DEBUG", "tool_key": "ico_converter", "class_name": "ImageUtil", "message": "Iniciando conversão: C:/Users/marti/Pictures\\Camera Roll\\WIN_20240115_13_37_39_Pro.jpg -> C:/Users/marti/Pictures/aaaaaaaaa\\WIN_20240115_13_37_39_Pro.ico, sizes: [16, 32, 48, 64, 128, 256]", "extra_data": {}}
{"timestamp": "2026-01-18 12:55:46", "level": "INFO", "tool_key": "ico_converter", "class_name": "ImageUtil", "message": "ICO salvo com sucesso: C:/Users/marti/Pictures/aaaaaaaaa\\WIN_20240115_06_58_30_Pro.ico", "extra_data": {}}
{"timestamp": "2026-01-18 12:55:46", "level": "DEBUG", "tool_key": "ico_converter", "class_name": "ImageUtil", "message": "Iniciando conversão: C:/Users/marti/Pictures\\Camera Roll\\WIN_20240115_13_37_45_Pro.jpg -> C:/Users/marti/Pictures/aaaaaaaaa\\WIN_20240115_13_37_45_Pro.ico, sizes: [16, 32, 48, 64, 128, 256]", "extra_data": {}}
{"timestamp": "2026-01-18 12:55:46", "level": "INFO", "tool_key": "ico_converter", "class_name": "ImageUtil", "message": "ICO salvo com sucesso: C:/Users/marti/Pictures/aaaaaaaaa\\WIN_20240115_13_37_37_Pro.ico", "extra_data": {}}
{"timestamp": "2026-01-18 12:55:46", "level": "DEBUG", "tool_key": "ico_converter", "class_name": "ImageUtil", "message": "Iniciando conversão: C:/Users/marti/Pictures\\Camera Roll\\WIN_20240115_13_37_46_Pro.jpg -> C:/Users/marti/Pictures/aaaaaaaaa\\WIN_20240115_13_37_46_Pro.ico, sizes: [16, 32, 48, 64, 128, 256]", "extra_data": {}}
{"timestamp": "2026-01-18 12:55:46", "level": "INFO", "tool_key": "ico_converter", "class_name": "ImageUtil", "message": "ICO salvo com sucesso: C:/Users/marti/Pictures/aaaaaaaaa\\WIN_20240115_13_37_35_Pro.ico", "extra_data": {}}
{"timestamp": "2026-01-18 12:55:46", "level": "DEBUG", "tool_key": "ico_converter", "class_name": "ImageUtil", "message": "Iniciando conversão: C:/Users/marti/Pictures\\Camera Roll\\WIN_20240311_22_22_05_Pro.jpg -> C:/Users/marti/Pictures/aaaaaaaaa\\WIN_20240311_22_22_05_Pro.ico, sizes: [16, 32, 48, 64, 128, 256]", "extra_data": {}}
{"timestamp": "2026-01-18 12:55:46", "level": "INFO", "tool_key": "ico_converter", "class_name": "ImageUtil", "message": "ICO salvo com sucesso: C:/Users/marti/Pictures/aaaaaaaaa\\WIN_20240115_13_37_39_Pro.ico", "extra_data": {}}
{"timestamp": "2026-01-18 12:55:46", "level": "DEBUG", "tool_key": "ico_converter", "class_name": "ImageUtil", "message": "Iniciando conversão: C:/Users/marti/Pictures\\Camera Roll\\WIN_20240311_22_22_07_Pro.jpg -> C:/Users/marti/Pictures/aaaaaaaaa\\WIN_20240311_22_22_07_Pro.ico, sizes: [16, 32, 48, 64, 128, 256]", "extra_data": {}}
{"timestamp": "2026-01-18 12:55:46", "level": "INFO", "tool_key": "ico_converter", "class_name": "ImageUtil", "message": "ICO salvo com sucesso: C:/Users/marti/Pictures/aaaaaaaaa\\WIN_20240115_13_37_45_Pro.ico", "extra_data": {}}
{"timestamp": "2026-01-18 12:55:46", "level": "DEBUG", "tool_key": "ico_converter", "class_name": "ImageUtil", "message": "Iniciando conversão: C:/Users/marti/Pictures\\Camera Roll\\WIN_20240311_22_22_09_Pro.jpg -> C:/Users/marti/Pictures/aaaaaaaaa\\WIN_20240311_22_22_09_Pro.ico, sizes: [16, 32, 48, 64, 128, 256]", "extra_data": {}}
{"timestamp": "2026-01-18 12:55:46", "level": "INFO", "tool_key": "ico_converter", "class_name": "ImageUtil", "message": "ICO salvo com sucesso: C:/Users/marti/Pictures/aaaaaaaaa\\WIN_20240115_13_37_46_Pro.ico", "extra_data": {}}
{"timestamp": "2026-01-18 12:55:46", "level": "DEBUG", "tool_key": "ico_converter", "class_name": "ImageUtil", "message": "Iniciando conversão: C:/Users/marti/Pictures\\Camera Roll\\WIN_20240421_20_53_39_Pro.jpg -> C:/Users/marti/Pictures/aaaaaaaaa\\WIN_20240421_20_53_39_Pro.ico, sizes: [16, 32, 48, 64, 128, 256]", "extra_data": {}}
{"timestamp": "2026-01-18 12:55:46", "level": "INFO", "tool_key": "ico_converter", "class_name": "ImageUtil", "message": "ICO salvo com sucesso: C:/Users/marti/Pictures/aaaaaaaaa\\WIN_20240311_22_22_05_Pro.ico", "extra_data": {}}
{"timestamp": "2026-01-18 12:55:46", "level": "DEBUG", "tool_key": "ico_converter", "class_name": "ImageUtil", "message": "Iniciando conversão: C:/Users/marti/Pictures\\Camera Roll\\WIN_20240421_20_53_40_Pro.jpg -> C:/Users/marti/Pictures/aaaaaaaaa\\WIN_20240421_20_53_40_Pro.ico, sizes: [16, 32, 48, 64, 128, 256]", "extra_data": {}}
{"timestamp": "2026-01-18 12:55:46", "level": "INFO", "tool_key": "ico_converter", "class_name": "ImageUtil", "message": "ICO salvo com sucesso: C:/Users/marti/Pictures/aaaaaaaaa\\WIN_20240311_22_22_07_Pro.ico", "extra_data": {}}
{"timestamp": "2026-01-18 12:55:46", "level": "DEBUG", "tool_key": "ico_converter", "class_name": "ImageUtil", "message": "Iniciando conversão: C:/Users/marti/Pictures\\Camera Roll\\WIN_20240426_20_06_21_Pro.jpg -> C:/Users/marti/Pictures/aaaaaaaaa\\WIN_20240426_20_06_21_Pro.ico, sizes: [16, 32, 48, 64, 128, 256]", "extra_data": {}}
{"timestamp": "2026-01-18 12:55:46", "level": "INFO", "tool_key": "ico_converter", "class_name": "ImageUtil", "message": "ICO salvo com sucesso: C:/Users/marti/Pictures/aaaaaaaaa\\WIN_20240311_22_22_09_Pro.ico", "extra_data": {}}
{"timestamp": "2026-01-18 12:55:46", "level": "DEBUG", "tool_key": "ico_converter", "class_name": "ImageUtil", "message": "Iniciando conversão: C:/Users/marti/Pictures\\Camera Roll\\WIN_20240426_20_06_23_Pro.jpg -> C:/Users/marti/Pictures/aaaaaaaaa\\WIN_20240426_20_06_23_Pro.ico, sizes: [16, 32, 48, 64, 128, 256]", "extra_data": {}}
{"timestamp": "2026-01-18 12:55:46", "level": "INFO", "tool_key": "ico_converter", "class_name": "ImageUtil", "message": "ICO salvo com sucesso: C:/Users/marti/Pictures/aaaaaaaaa\\WIN_20240421_20_53_39_Pro.ico", "extra_data": {}}
{"timestamp": "2026-01-18 12:55:46", "level": "DEBUG", "tool_key": "ico_converter", "class_name": "ImageUtil", "message": "Iniciando conversão: C:/Users/marti/Pictures\\Camera Roll\\WIN_20240426_20_06_26_Pro.jpg -> C:/Users/marti/Pictures/aaaaaaaaa\\WIN_20240426_20_06_26_Pro.ico, sizes: [16, 32, 48, 64, 128, 256]", "extra_data": {}}
{"timestamp": "2026-01-18 12:55:46", "level": "INFO", "tool_key": "ico_converter", "class_name": "ImageUtil", "message": "ICO salvo com sucesso: C:/Users/marti/Pictures/aaaaaaaaa\\WIN_20240421_20_53_40_Pro.ico", "extra_data": {}}
{"timestamp": "2026-01-18 12:55:46", "level": "DEBUG", "tool_key": "ico_converter", "class_name": "ImageUtil", "message": "Iniciando conversão: C:/Users/marti/Pictures\\lines brasil problens\\dfgdfgdfgd.jpeg -> C:/Users/marti/Pictures/aaaaaaaaa\\dfgdfgdfgd.ico, sizes: [16, 32, 48, 64, 128, 256]", "extra_data": {}}
{"timestamp": "2026-01-18 12:55:46", "level": "INFO", "tool_key": "ico_converter", "class_name": "ImageUtil", "message": "ICO salvo com sucesso: C:/Users/marti/Pictures/aaaaaaaaa\\WIN_20240426_20_06_21_Pro.ico", "extra_data": {}}
{"timestamp": "2026-01-18 12:55:46", "level": "DEBUG", "tool_key": "ico_converter", "class_name": "ImageUtil", "message": "Iniciando conversão: C:/Users/marti/Pictures\\lines brasil problens\\dgfgdgdgd.jpeg -> C:/Users/marti/Pictures/aaaaaaaaa\\dgfgdgdgd.ico, sizes: [16, 32, 48, 64, 128, 256]", "extra_data": {}}
{"timestamp": "2026-01-18 12:55:46", "level": "INFO", "tool_key": "ico_converter", "class_name": "ImageUtil", "message": "ICO salvo com sucesso: C:/Users/marti/Pictures/aaaaaaaaa\\dfgdfgdfgd.ico", "extra_data": {}}
{"timestamp": "2026-01-18 12:55:46", "level": "INFO", "tool_key": "ico_converter", "class_name": "ImageUtil", "message": "ICO salvo com sucesso: C:/Users/marti/Pictures/aaaaaaaaa\\WIN_20240426_20_06_23_Pro.ico", "extra_data": {}}
{"timestamp": "2026-01-18 12:55:46", "level": "DEBUG", "tool_key": "ico_converter", "class_name": "ImageUtil", "message": "Iniciando conversão: C:/Users/marti/Pictures\\lines brasil problens\\dsssssffs.jpeg -> C:/Users/marti/Pictures/aaaaaaaaa\\dsssssffs.ico, sizes: [16, 32, 48, 64, 128, 256]", "extra_data": {}}
{"timestamp": "2026-01-18 12:55:46", "level": "DEBUG", "tool_key": "ico_converter", "class_name": "ImageUtil", "message": "Iniciando conversão: C:/Users/marti/Pictures\\lines brasil problens\\fghfghfg.jpeg -> C:/Users/marti/Pictures/aaaaaaaaa\\fghfghfg.ico, sizes: [16, 32, 48, 64, 128, 256]", "extra_data": {}}
{"timestamp": "2026-01-18 12:55:46", "level": "INFO", "tool_key": "ico_converter", "class_name": "ImageUtil", "message": "ICO salvo com sucesso: C:/Users/marti/Pictures/aaaaaaaaa\\WIN_20240426_20_06_26_Pro.ico", "extra_data": {}}
{"timestamp": "2026-01-18 12:55:46", "level": "DEBUG", "tool_key": "ico_converter", "class_name": "ImageUtil", "message": "Iniciando conversão: C:/Users/marti/Pictures\\lines brasil problens\\fghgfhfghfgh.jpeg -> C:/Users/marti/Pictures/aaaaaaaaa\\fghgfhfghfgh.ico, sizes: [16, 32, 48, 64, 128, 256]", "extra_data": {}}
{"timestamp": "2026-01-18 12:55:46", "level": "INFO", "tool_key": "ico_converter", "class_name": "ImageUtil", "message": "ICO salvo com sucesso: C:/Users/marti/Pictures/aaaaaaaaa\\dgfgdgdgd.ico", "extra_data": {}}
{"timestamp": "2026-01-18 12:55:46", "level": "DEBUG", "tool_key": "ico_converter", "class_name": "ImageUtil", "message": "Iniciando conversão: C:/Users/marti/Pictures\\lines brasil problens\\WhatsApp Image 2025-12-09 at 22.38.10.jpeg -> C:/Users/marti/Pictures/aaaaaaaaa\\WhatsApp Image 2025-12-09 at 22.38.10.ico, sizes: [16, 32, 48, 64, 128, 256]", "extra_data": {}}
{"timestamp": "2026-01-18 12:55:47", "level": "INFO", "tool_key": "ico_converter", "class_name": "ImageUtil", "message": "ICO salvo com sucesso: C:/Users/marti/Pictures/aaaaaaaaa\\dsssssffs.ico", "extra_data": {}}
{"timestamp": "2026-01-18 12:55:47", "level": "DEBUG", "tool_key": "ico_converter", "class_name": "ImageUtil", "message": "Iniciando conversão: C:/Users/marti/Pictures\\lines brasil problens\\WhatsApp Image 2025-12-09 at 22.38.10.jpeggfhfg.jpeg -> C:/Users/marti/Pictures/aaaaaaaaa\\WhatsApp Image 2025-12-09 at 22.38.10.jpeggfhfg.ico, sizes: [16, 32, 48, 64, 128, 256]", "extra_data": {}}
{"timestamp": "2026-01-18 12:55:47", "level": "INFO", "tool_key": "ico_converter", "class_name": "ImageUtil", "message": "ICO salvo com sucesso: C:/Users/marti/Pictures/aaaaaaaaa\\fghfghfg.ico", "extra_data": {}}
{"timestamp": "2026-01-18 12:55:47", "level": "DEBUG", "tool_key": "ico_converter", "class_name": "ImageUtil", "message": "Iniciando conversão: C:/Users/marti/Pictures\\lines brasil problens\\WhatsApp Image 2025-12-09 at 22.38.10.jpegghfgf.jpeg -> C:/Users/marti/Pictures/aaaaaaaaa\\WhatsApp Image 2025-12-09 at 22.38.10.jpegghfgf.ico, sizes: [16, 32, 48, 64, 128, 256]", "extra_data": {}}
{"timestamp": "2026-01-18 12:55:47", "level": "INFO", "tool_key": "ico_converter", "class_name": "ImageUtil", "message": "ICO salvo com sucesso: C:/Users/marti/Pictures/aaaaaaaaa\\fghgfhfghfgh.ico", "extra_data": {}}
{"timestamp": "2026-01-18 12:55:47", "level": "INFO", "tool_key": "ico_converter", "class_name": "ImageUtil", "message": "ICO salvo com sucesso: C:/Users/marti/Pictures/aaaaaaaaa\\WhatsApp Image 2025-12-09 at 22.38.10.ico", "extra_data": {}}
{"timestamp": "2026-01-18 12:55:47", "level": "INFO", "tool_key": "ico_converter", "class_name": "ImageUtil", "message": "ICO salvo com sucesso: C:/Users/marti/Pictures/aaaaaaaaa\\WhatsApp Image 2025-12-09 at 22.38.10.jpeggfhfg.ico", "extra_data": {}}
{"timestamp": "2026-01-18 12:55:47", "level": "INFO", "tool_key": "ico_converter", "class_name": "ImageUtil", "message": "ICO salvo com sucesso: C:/Users/marti/Pictures/aaaaaaaaa\\WhatsApp Image 2025-12-09 at 22.38.10.jpegghfgf.ico", "extra_data": {}}
{"timestamp": "2026-01-18 12:55:48", "level": "INFO", "tool_key": "ico_converter", "class_name": "ICOConverter", "message": "Conversão concluída: 74 sucesso, 0 falhas", "extra_data": {}}
