{"timestamp": "2026-01-17 22:33:59", "level": "INFO", "tool_key": "system", "class_name": "LogUtils", "message": "Sistema de logging iniciado", "extra_data": {}}
{"timestamp": "2026-01-17 22:33:59", "level": "INFO", "tool_key": "main_window", "class_name": "MainWindow", "message": "Aplicação MTL_UTIL iniciada", "extra_data": {}}
{"timestamp": "2026-01-17 22:33:59", "level": "INFO", "tool_key": "plugin_manager", "class_name": "PluginManager", "message": "Procurando plugins em: plugins", "extra_data": {}}
{"timestamp": "2026-01-17 22:33:59", "level": "DEBUG", "tool_key": "plugin_manager", "class_name": "PluginManager", "message": "Carregando plugin: calculator.py", "extra_data": {}}
{"timestamp": "2026-01-17 22:33:59", "level": "INFO", "tool_key": "calculator", "class_name": "Calculator", "message": "Plugin Calculator inicializado", "extra_data": {}}
{"timestamp": "2026-01-17 22:33:59", "level": "INFO", "tool_key": "plugin_manager", "class_name": "PluginManager", "message": "Plugin carregado: Calculator", "extra_data": {}}
{"timestamp": "2026-01-17 22:33:59", "level": "DEBUG", "tool_key": "plugin_manager", "class_name": "PluginManager", "message": "Carregando plugin: sample_browser.py", "extra_data": {}}
{"timestamp": "2026-01-17 22:33:59", "level": "INFO", "tool_key": "plugin_manager", "class_name": "PluginManager", "message": "Plugin carregado: Simple Browser", "extra_data": {}}
{"timestamp": "2026-01-17 22:33:59", "level": "DEBUG", "tool_key": "plugin_manager", "class_name": "PluginManager", "message": "Carregando plugin: sample_text_viewer.py", "extra_data": {}}
{"timestamp": "2026-01-17 22:33:59", "level": "INFO", "tool_key": "plugin_manager", "class_name": "PluginManager", "message": "Plugin carregado: Text Viewer", "extra_data": {}}
{"timestamp": "2026-01-17 22:33:59", "level": "DEBUG", "tool_key": "plugin_manager", "class_name": "PluginManager", "message": "Carregando plugin: todo_list.py", "extra_data": {}}
{"timestamp": "2026-01-17 22:33:59", "level": "INFO", "tool_key": "plugin_manager", "class_name": "PluginManager", "message": "Plugin carregado: Todo List", "extra_data": {}}
{"timestamp": "2026-01-17 22:33:59", "level": "INFO", "tool_key": "plugin_manager", "class_name": "PluginManager", "message": "Total de plugins carregados: 4", "extra_data": {}}
{"timestamp": "2026-01-17 22:33:59", "level": "INFO", "tool_key": "plugin_manager", "class_name": "PluginManager", "message": "Procurando plugins em: plugins", "extra_data": {}}
{"timestamp": "2026-01-17 22:33:59", "level": "DEBUG", "tool_key": "plugin_manager", "class_name": "PluginManager", "message": "Carregando plugin: calculator.py", "extra_data": {}}
{"timestamp": "2026-01-17 22:33:59", "level": "INFO", "tool_key": "calculator", "class_name": "Calculator", "message": "Plugin Calculator inicializado", "extra_data": {}}
{"timestamp": "2026-01-17 22:33:59", "level": "INFO", "tool_key": "plugin_manager", "class_name": "PluginManager", "message": "Plugin carregado: Calculator", "extra_data": {}}
{"timestamp": "2026-01-17 22:33:59", "level": "DEBUG", "tool_key": "plugin_manager", "class_name": "PluginManager", "message": "Carregando plugin: sample_browser.py", "extra_data": {}}
{"timestamp": "2026-01-17 22:33:59", "level": "INFO", "tool_key": "plugin_manager", "class_name": "PluginManager", "message": "Plugin carregado: Simple Browser", "extra_data": {}}
{"timestamp": "2026-01-17 22:33:59", "level": "DEBUG", "tool_key": "plugin_manager", "class_name": "PluginManager", "message": "Carregando plugin: sample_text_viewer.py", "extra_data": {}}
{"timestamp": "2026-01-17 22:33:59", "level": "INFO", "tool_key": "plugin_manager", "class_name": "PluginManager", "message": "Plugin carregado: Text Viewer", "extra_data": {}}
{"timestamp": "2026-01-17 22:33:59", "level": "DEBUG", "tool_key": "plugin_manager", "class_name": "PluginManager", "message": "Carregando plugin: todo_list.py", "extra_data": {}}
{"timestamp": "2026-01-17 22:33:59", "level": "INFO", "tool_key": "plugin_manager", "class_name": "PluginManager", "message": "Plugin carregado: Todo List", "extra_data": {}}
{"timestamp": "2026-01-17 22:33:59", "level": "INFO", "tool_key": "plugin_manager", "class_name": "PluginManager", "message": "Total de plugins carregados: 4", "extra_data": {}}
{"timestamp": "2026-01-17 22:34:09", "level": "DEBUG", "tool_key": "main_window", "class_name": "MainWindow", "message": "Tentativa de abrir plugin: Todo List", "extra_data": {}}
{"timestamp": "2026-01-17 22:34:11", "level": "INFO", "tool_key": "main_window", "class_name": "MainWindow", "message": "Plugin Todo List aberto com sucesso", "extra_data": {}}
{"timestamp": "2026-01-17 22:34:12", "level": "DEBUG", "tool_key": "main_window", "class_name": "MainWindow", "message": "Tentativa de abrir plugin: Text Viewer", "extra_data": {}}
{"timestamp": "2026-01-17 22:34:12", "level": "INFO", "tool_key": "main_window", "class_name": "MainWindow", "message": "Plugin Text Viewer aberto com sucesso", "extra_data": {}}
{"timestamp": "2026-01-17 22:34:13", "level": "DEBUG", "tool_key": "main_window", "class_name": "MainWindow", "message": "Tentativa de abrir plugin: Simple Browser", "extra_data": {}}
{"timestamp": "2026-01-17 22:34:13", "level": "INFO", "tool_key": "main_window", "class_name": "MainWindow", "message": "Plugin Simple Browser aberto com sucesso", "extra_data": {}}
{"timestamp": "2026-01-17 22:34:14", "level": "DEBUG", "tool_key": "main_window", "class_name": "MainWindow", "message": "Tentativa de abrir plugin: Calculator", "extra_data": {}}
{"timestamp": "2026-01-17 22:34:14", "level": "DEBUG", "tool_key": "calculator", "class_name": "Calculator", "message": "Criando widget da calculadora", "extra_data": {}}
{"timestamp": "2026-01-17 22:34:14", "level": "INFO", "tool_key": "calculator", "class_name": "Calculator", "message": "Widget da calculadora criado com sucesso", "extra_data": {}}
{"timestamp": "2026-01-17 22:34:14", "level": "INFO", "tool_key": "main_window", "class_name": "MainWindow", "message": "Plugin Calculator aberto com sucesso", "extra_data": {}}
{"timestamp": "2026-01-17 22:34:18", "level": "DEBUG", "tool_key": "main_window", "class_name": "MainWindow", "message": "Abrindo visualizador de logs", "extra_data": {}}
{"timestamp": "2026-01-17 22:34:18", "level": "INFO", "tool_key": "main_window", "class_name": "LogViewer", "message": "Janela de visualização de logs aberta", "extra_data": {}}
