{"timestamp": "2026-01-18 09:39:57", "level": "INFO", "tool_key": "system", "class_name": "LogUtils", "message": "Sistema de logging iniciado", "extra_data": {}}
{"timestamp": "2026-01-18 09:39:57", "level": "INFO", "tool_key": "main_window", "class_name": "MainWindow", "message": "Aplicação MTL_UTIL iniciada", "extra_data": {}}
{"timestamp": "2026-01-18 09:39:57", "level": "INFO", "tool_key": "plugin_manager", "class_name": "PluginManager", "message": "Procurando plugins em: plugins", "extra_data": {}}
{"timestamp": "2026-01-18 09:39:57", "level": "DEBUG", "tool_key": "plugin_manager", "class_name": "PluginManager", "message": "Carregando plugin: calculator.py", "extra_data": {}}
{"timestamp": "2026-01-18 09:39:57", "level": "INFO", "tool_key": "calculator", "class_name": "Calculator", "message": "Plugin Calculator inicializado", "extra_data": {}}
{"timestamp": "2026-01-18 09:39:57", "level": "INFO", "tool_key": "plugin_manager", "class_name": "PluginManager", "message": "Plugin carregado: Calculator", "extra_data": {}}
{"timestamp": "2026-01-18 09:39:57", "level": "DEBUG", "tool_key": "plugin_manager", "class_name": "PluginManager", "message": "Carregando plugin: ico_converter.py", "extra_data": {}}
{"timestamp": "2026-01-18 09:39:57", "level": "INFO", "tool_key": "ico_converter", "class_name": "ICOConverter", "message": "Plugin ICO Converter inicializado", "extra_data": {}}
{"timestamp": "2026-01-18 09:39:57", "level": "INFO", "tool_key": "plugin_manager", "class_name": "PluginManager", "message": "Plugin carregado: ICO Converter", "extra_data": {}}
{"timestamp": "2026-01-18 09:39:57", "level": "DEBUG", "tool_key": "plugin_manager", "class_name": "PluginManager", "message": "Carregando plugin: sample_browser.py", "extra_data": {}}
{"timestamp": "2026-01-18 09:39:57", "level": "INFO", "tool_key": "plugin_manager", "class_name": "PluginManager", "message": "Plugin carregado: Simple Browser", "extra_data": {}}
{"timestamp": "2026-01-18 09:39:57", "level": "DEBUG", "tool_key": "plugin_manager", "class_name": "PluginManager", "message": "Carregando plugin: sample_text_viewer.py", "extra_data": {}}
{"timestamp": "2026-01-18 09:39:57", "level": "INFO", "tool_key": "plugin_manager", "class_name": "PluginManager", "message": "Plugin carregado: Text Viewer", "extra_data": {}}
{"timestamp": "2026-01-18 09:39:57", "level": "DEBUG", "tool_key": "plugin_manager", "class_name": "PluginManager", "message": "Carregando plugin: todo_list.py", "extra_data": {}}
{"timestamp": "2026-01-18 09:39:57", "level": "INFO", "tool_key": "plugin_manager", "class_name": "PluginManager", "message": "Plugin carregado: Todo List", "extra_data": {}}
{"timestamp": "2026-01-18 09:39:57", "level": "INFO", "tool_key": "plugin_manager", "class_name": "PluginManager", "message": "Total de plugins carregados: 5", "extra_data": {}}
{"timestamp": "2026-01-18 09:39:57", "level": "INFO", "tool_key": "plugin_manager", "class_name": "PluginManager", "message": "Procurando plugins em: plugins", "extra_data": {}}
{"timestamp": "2026-01-18 09:39:57", "level": "DEBUG", "tool_key": "plugin_manager", "class_name": "PluginManager", "message": "Carregando plugin: calculator.py", "extra_data": {}}
{"timestamp": "2026-01-18 09:39:57", "level": "INFO", "tool_key": "calculator", "class_name": "Calculator", "message": "Plugin Calculator inicializado", "extra_data": {}}
{"timestamp": "2026-01-18 09:39:57", "level": "INFO", "tool_key": "plugin_manager", "class_name": "PluginManager", "message": "Plugin carregado: Calculator", "extra_data": {}}
{"timestamp": "2026-01-18 09:39:57", "level": "DEBUG", "tool_key": "plugin_manager", "class_name": "PluginManager", "message": "Carregando plugin: ico_converter.py", "extra_data": {}}
{"timestamp": "2026-01-18 09:39:57", "level": "INFO", "tool_key": "ico_converter", "class_name": "ICOConverter", "message": "Plugin ICO Converter inicializado", "extra_data": {}}
{"timestamp": "2026-01-18 09:39:57", "level": "INFO", "tool_key": "plugin_manager", "class_name": "PluginManager", "message": "Plugin carregado: ICO Converter", "extra_data": {}}
{"timestamp": "2026-01-18 09:39:57", "level": "DEBUG", "tool_key": "plugin_manager", "class_name": "PluginManager", "message": "Carregando plugin: sample_browser.py", "extra_data": {}}
{"timestamp": "2026-01-18 09:39:57", "level": "INFO", "tool_key": "plugin_manager", "class_name": "PluginManager", "message": "Plugin carregado: Simple Browser", "extra_data": {}}
{"timestamp": "2026-01-18 09:39:57", "level": "DEBUG", "tool_key": "plugin_manager", "class_name": "PluginManager", "message": "Carregando plugin: sample_text_viewer.py", "extra_data": {}}
{"timestamp": "2026-01-18 09:39:57", "level": "INFO", "tool_key": "plugin_manager", "class_name": "PluginManager", "message": "Plugin carregado: Text Viewer", "extra_data": {}}
{"timestamp": "2026-01-18 09:39:57", "level": "DEBUG", "tool_key": "plugin_manager", "class_name": "PluginManager", "message": "Carregando plugin: todo_list.py", "extra_data": {}}
{"timestamp": "2026-01-18 09:39:57", "level": "INFO", "tool_key": "plugin_manager", "class_name": "PluginManager", "message": "Plugin carregado: Todo List", "extra_data": {}}
{"timestamp": "2026-01-18 09:39:57", "level": "INFO", "tool_key": "plugin_manager", "class_name": "PluginManager", "message": "Total de plugins carregados: 5", "extra_data": {}}
