{"timestamp": "2026-01-18 09:39:47", "level": "INFO", "tool_key": "system", "class_name": "LogUtils", "message": "Sistema de logging iniciado", "extra_data": {}}
{"timestamp": "2026-01-18 09:39:47", "level": "INFO", "tool_key": "main_window", "class_name": "MainWindow", "message": "Aplicação MTL_UTIL iniciada", "extra_data": {}}
{"timestamp": "2026-01-18 09:39:47", "level": "INFO", "tool_key": "plugin_manager", "class_name": "PluginManager", "message": "Procurando plugins em: plugins", "extra_data": {}}
{"timestamp": "2026-01-18 09:39:47", "level": "INFO", "tool_key": "plugin_manager", "class_name": "PluginManager", "message": "Adicionado ao sys.path: C:\\Users\\marti\\OneDrive\\Arquivos\\PYTHON_PROJECTS\\MTL_UTIL_WINDOWS\\MTL_UTIL_2_0_1", "extra_data": {}}
{"timestamp": "2026-01-18 09:39:47", "level": "DEBUG", "tool_key": "plugin_manager", "class_name": "PluginManager", "message": "Carregando plugin: calculator.py", "extra_data": {}}
{"timestamp": "2026-01-18 09:39:47", "level": "INFO", "tool_key": "calculator", "class_name": "Calculator", "message": "Plugin Calculator inicializado", "extra_data": {}}
{"timestamp": "2026-01-18 09:39:47", "level": "INFO", "tool_key": "plugin_manager", "class_name": "PluginManager", "message": "Plugin carregado: Calculator", "extra_data": {}}
{"timestamp": "2026-01-18 09:39:47", "level": "DEBUG", "tool_key": "plugin_manager", "class_name": "PluginManager", "message": "Carregando plugin: ico_converter.py", "extra_data": {}}
{"timestamp": "2026-01-18 09:39:47", "level": "INFO", "tool_key": "ico_converter", "class_name": "ICOConverter", "message": "Plugin ICO Converter inicializado", "extra_data": {}}
{"timestamp": "2026-01-18 09:39:47", "level": "INFO", "tool_key": "plugin_manager", "class_name": "PluginManager", "message": "Plugin carregado: ICO Converter", "extra_data": {}}
{"timestamp": "2026-01-18 09:39:47", "level": "DEBUG", "tool_key": "plugin_manager", "class_name": "PluginManager", "message": "Carregando plugin: sample_browser.py", "extra_data": {}}
{"timestamp": "2026-01-18 09:39:47", "level": "INFO", "tool_key": "plugin_manager", "class_name": "PluginManager", "message": "Plugin carregado: Simple Browser", "extra_data": {}}
{"timestamp": "2026-01-18 09:39:47", "level": "DEBUG", "tool_key": "plugin_manager", "class_name": "PluginManager", "message": "Carregando plugin: sample_text_viewer.py", "extra_data": {}}
{"timestamp": "2026-01-18 09:39:47", "level": "INFO", "tool_key": "plugin_manager", "class_name": "PluginManager", "message": "Plugin carregado: Text Viewer", "extra_data": {}}
{"timestamp": "2026-01-18 09:39:47", "level": "DEBUG", "tool_key": "plugin_manager", "class_name": "PluginManager", "message": "Carregando plugin: todo_list.py", "extra_data": {}}
{"timestamp": "2026-01-18 09:39:47", "level": "INFO", "tool_key": "plugin_manager", "class_name": "PluginManager", "message": "Plugin carregado: Todo List", "extra_data": {}}
{"timestamp": "2026-01-18 09:39:47", "level": "INFO", "tool_key": "plugin_manager", "class_name": "PluginManager", "message": "Total de plugins carregados: 5", "extra_data": {}}
{"timestamp": "2026-01-18 09:39:47", "level": "INFO", "tool_key": "plugin_manager", "class_name": "PluginManager", "message": "Procurando plugins em: plugins", "extra_data": {}}
{"timestamp": "2026-01-18 09:39:47", "level": "DEBUG", "tool_key": "plugin_manager", "class_name": "PluginManager", "message": "Carregando plugin: calculator.py", "extra_data": {}}
{"timestamp": "2026-01-18 09:39:47", "level": "INFO", "tool_key": "calculator", "class_name": "Calculator", "message": "Plugin Calculator inicializado", "extra_data": {}}
{"timestamp": "2026-01-18 09:39:47", "level": "INFO", "tool_key": "plugin_manager", "class_name": "PluginManager", "message": "Plugin carregado: Calculator", "extra_data": {}}
{"timestamp": "2026-01-18 09:39:47", "level": "DEBUG", "tool_key": "plugin_manager", "class_name": "PluginManager", "message": "Carregando plugin: ico_converter.py", "extra_data": {}}
{"timestamp": "2026-01-18 09:39:47", "level": "INFO", "tool_key": "ico_converter", "class_name": "ICOConverter", "message": "Plugin ICO Converter inicializado", "extra_data": {}}
{"timestamp": "2026-01-18 09:39:47", "level": "INFO", "tool_key": "plugin_manager", "class_name": "PluginManager", "message": "Plugin carregado: ICO Converter", "extra_data": {}}
{"timestamp": "2026-01-18 09:39:47", "level": "DEBUG", "tool_key": "plugin_manager", "class_name": "PluginManager", "message": "Carregando plugin: sample_browser.py", "extra_data": {}}
{"timestamp": "2026-01-18 09:39:47", "level": "INFO", "tool_key": "plugin_manager", "class_name": "PluginManager", "message": "Plugin carregado: Simple Browser", "extra_data": {}}
{"timestamp": "2026-01-18 09:39:47", "level": "DEBUG", "tool_key": "plugin_manager", "class_name": "PluginManager", "message": "Carregando plugin: sample_text_viewer.py", "extra_data": {}}
{"timestamp": "2026-01-18 09:39:47", "level": "INFO", "tool_key": "plugin_manager", "class_name": "PluginManager", "message": "Plugin carregado: Text Viewer", "extra_data": {}}
{"timestamp": "2026-01-18 09:39:47", "level": "DEBUG", "tool_key": "plugin_manager", "class_name": "PluginManager", "message": "Carregando plugin: todo_list.py", "extra_data": {}}
{"timestamp": "2026-01-18 09:39:47", "level": "INFO", "tool_key": "plugin_manager", "class_name": "PluginManager", "message": "Plugin carregado: Todo List", "extra_data": {}}
{"timestamp": "2026-01-18 09:39:47", "level": "INFO", "tool_key": "plugin_manager", "class_name": "PluginManager", "message": "Total de plugins carregados: 5", "extra_data": {}}
{"timestamp": "2026-01-18 09:39:48", "level": "DEBUG", "tool_key": "main_window", "class_name": "MainWindow", "message": "Tentativa de abrir plugin: ICO Converter", "extra_data": {}}
{"timestamp": "2026-01-18 09:39:48", "level": "DEBUG", "tool_key": "ico_converter", "class_name": "ICOConverter", "message": "Criando widget do conversor ICO", "extra_data": {}}
{"timestamp": "2026-01-18 09:39:49", "level": "INFO", "tool_key": "ico_converter", "class_name": "ICOConverter", "message": "Widget do conversor ICO criado com sucesso", "extra_data": {}}
{"timestamp": "2026-01-18 09:39:49", "level": "INFO", "tool_key": "main_window", "class_name": "MainWindow", "message": "Plugin ICO Converter aberto com sucesso", "extra_data": {}}
{"timestamp": "2026-01-18 09:39:49", "level": "INFO", "tool_key": "ico_converter", "class_name": "ICOConverter", "message": "Carregando imagens de: C:/Users/marti/OneDrive/##Documents-Drive/Curriculo/olds", "extra_data": {}}
{"timestamp": "2026-01-18 09:39:49", "level": "INFO", "tool_key": "ico_converter", "class_name": "ICOConverterUtil", "message": "Encontradas 1 imagens em C:/Users/marti/OneDrive/##Documents-Drive/Curriculo/olds", "extra_data": {}}
{"timestamp": "2026-01-18 09:39:49", "level": "INFO", "tool_key": "ico_converter", "class_name": "ICOConverter", "message": "Carregadas 1 imagens", "extra_data": {}}
{"timestamp": "2026-01-18 09:39:49", "level": "INFO", "tool_key": "ico_converter", "class_name": "ICOConverter", "message": "Pasta base alterada para: C:/Users/marti/OneDrive/##Documents-Drive/Curriculo/olds", "extra_data": {}}
{"timestamp": "2026-01-18 09:39:49", "level": "INFO", "tool_key": "ico_converter", "class_name": "ICOConverter", "message": "Carregando imagens de: C:/Users/marti/OneDrive/##Documents-Drive/Curriculo/olds", "extra_data": {}}
{"timestamp": "2026-01-18 09:39:49", "level": "INFO", "tool_key": "ico_converter", "class_name": "ICOConverterUtil", "message": "Encontradas 1 imagens em C:/Users/marti/OneDrive/##Documents-Drive/Curriculo/olds", "extra_data": {}}
{"timestamp": "2026-01-18 09:39:49", "level": "INFO", "tool_key": "ico_converter", "class_name": "ICOConverter", "message": "Carregadas 1 imagens", "extra_data": {}}
{"timestamp": "2026-01-18 09:39:49", "level": "DEBUG", "tool_key": "main_window", "class_name": "MainWindow", "message": "Tentativa de abrir plugin: ICO Converter", "extra_data": {}}
{"timestamp": "2026-01-18 09:39:49", "level": "INFO", "tool_key": "main_window", "class_name": "MainWindow", "message": "Plugin ICO Converter já estava aberto, aba ativada", "extra_data": {}}
